<?xml version="1.0" encoding="UTF-8"?>
<testng-results ignored="0" total="3" passed="2" failed="1" skipped="0">
  <reporter-output>
  </reporter-output>
  <suite started-at="2024-08-26T17:00:59 IST" name="Default suite" finished-at="2024-08-26T17:00:59 IST" duration-ms="55">
    <groups>
    </groups>
    <test started-at="2024-08-26T17:00:59 IST" name="Default test" finished-at="2024-08-26T17:00:59 IST" duration-ms="55">
      <class name="Beforeclass.Test2">
        <test-method is-config="true" signature="beforeClass()[pri:0, instance:Beforeclass.Test2@62150f9e]" started-at="2024-08-26T17:00:59 IST" name="beforeClass" finished-at="2024-08-26T17:00:59 IST" duration-ms="6" status="PASS">
          <reporter-output>
          </reporter-output>
        </test-method> <!-- beforeClass -->
        <test-method is-config="true" signature="beforeMethod()[pri:0, instance:Beforeclass.Test2@62150f9e]" started-at="2024-08-26T17:00:59 IST" name="beforeMethod" finished-at="2024-08-26T17:00:59 IST" duration-ms="2" status="PASS">
          <reporter-output>
          </reporter-output>
        </test-method> <!-- beforeMethod -->
        <test-method signature="VerifyHomePage()[pri:0, instance:Beforeclass.Test2@62150f9e]" started-at="2024-08-26T17:00:59 IST" name="VerifyHomePage" finished-at="2024-08-26T17:00:59 IST" duration-ms="11" status="PASS">
          <reporter-output>
          </reporter-output>
        </test-method> <!-- VerifyHomePage -->
        <test-method is-config="true" signature="aftermethod()[pri:0, instance:Beforeclass.Test2@62150f9e]" started-at="2024-08-26T17:00:59 IST" name="aftermethod" finished-at="2024-08-26T17:00:59 IST" duration-ms="1" status="PASS">
          <reporter-output>
          </reporter-output>
        </test-method> <!-- aftermethod -->
        <test-method is-config="true" signature="beforeMethod()[pri:0, instance:Beforeclass.Test2@62150f9e]" started-at="2024-08-26T17:00:59 IST" name="beforeMethod" finished-at="2024-08-26T17:00:59 IST" duration-ms="0" status="PASS">
          <reporter-output>
          </reporter-output>
        </test-method> <!-- beforeMethod -->
        <test-method signature="VerifySettingPage()[pri:0, instance:Beforeclass.Test2@62150f9e]" started-at="2024-08-26T17:00:59 IST" name="VerifySettingPage" finished-at="2024-08-26T17:00:59 IST" duration-ms="2" status="FAIL">
          <exception class="java.lang.AssertionError">
            <message>
              <![CDATA[The following asserts failed:
expected [facebook setting ] but found [facebook setting]]]>
            </message>
            <full-stacktrace>
              <![CDATA[java.lang.AssertionError: The following asserts failed:
expected [facebook setting ] but found [facebook setting]
at org.testng.asserts.SoftAssert.assertAll(SoftAssert.java:47)
at org.testng.asserts.SoftAssert.assertAll(SoftAssert.java:31)
at Beforeclass.Test2.VerifySettingPage(Test2.java:68)
at java.base/jdk.internal.reflect.DirectMethodHandleAccessor.invoke(DirectMethodHandleAccessor.java:103)
at java.base/java.lang.reflect.Method.invoke(Method.java:580)
at org.testng.internal.MethodInvocationHelper.invokeMethod(MethodInvocationHelper.java:133)
at org.testng.internal.TestInvoker.invokeMethod(TestInvoker.java:598)
at org.testng.internal.TestInvoker.invokeTestMethod(TestInvoker.java:173)
at org.testng.internal.MethodRunner.runInSequence(MethodRunner.java:46)
at org.testng.internal.TestInvoker$MethodInvocationAgent.invoke(TestInvoker.java:824)
at org.testng.internal.TestInvoker.invokeTestMethods(TestInvoker.java:146)
at org.testng.internal.TestMethodWorker.invokeTestMethods(TestMethodWorker.java:146)
at org.testng.internal.TestMethodWorker.run(TestMethodWorker.java:128)
at java.base/java.util.ArrayList.forEach(ArrayList.java:1596)
at org.testng.TestRunner.privateRun(TestRunner.java:794)
at org.testng.TestRunner.run(TestRunner.java:596)
at org.testng.SuiteRunner.runTest(SuiteRunner.java:377)
at org.testng.SuiteRunner.runSequentially(SuiteRunner.java:371)
at org.testng.SuiteRunner.privateRun(SuiteRunner.java:332)
at org.testng.SuiteRunner.run(SuiteRunner.java:276)
at org.testng.SuiteRunnerWorker.runSuite(SuiteRunnerWorker.java:53)
at org.testng.SuiteRunnerWorker.run(SuiteRunnerWorker.java:96)
at org.testng.TestNG.runSuitesSequentially(TestNG.java:1212)
at org.testng.TestNG.runSuitesLocally(TestNG.java:1134)
at org.testng.TestNG.runSuites(TestNG.java:1063)
at org.testng.TestNG.run(TestNG.java:1031)
at org.testng.remote.AbstractRemoteTestNG.run(AbstractRemoteTestNG.java:115)
at org.testng.remote.RemoteTestNG.initAndRun(RemoteTestNG.java:293)
at org.testng.remote.RemoteTestNG.main(RemoteTestNG.java:91)
]]>
            </full-stacktrace>
          </exception> <!-- java.lang.AssertionError -->
          <reporter-output>
          </reporter-output>
        </test-method> <!-- VerifySettingPage -->
        <test-method is-config="true" signature="aftermethod()[pri:0, instance:Beforeclass.Test2@62150f9e]" started-at="2024-08-26T17:00:59 IST" name="aftermethod" finished-at="2024-08-26T17:00:59 IST" duration-ms="0" status="PASS">
          <reporter-output>
          </reporter-output>
        </test-method> <!-- aftermethod -->
        <test-method is-config="true" signature="beforeMethod()[pri:0, instance:Beforeclass.Test2@62150f9e]" started-at="2024-08-26T17:00:59 IST" name="beforeMethod" finished-at="2024-08-26T17:00:59 IST" duration-ms="0" status="PASS">
          <reporter-output>
          </reporter-output>
        </test-method> <!-- beforeMethod -->
        <test-method signature="test1()[pri:0, instance:Beforeclass.Test2@62150f9e]" started-at="2024-08-26T17:00:59 IST" name="test1" finished-at="2024-08-26T17:00:59 IST" duration-ms="1" status="PASS">
          <reporter-output>
          </reporter-output>
        </test-method> <!-- test1 -->
        <test-method is-config="true" signature="aftermethod()[pri:0, instance:Beforeclass.Test2@62150f9e]" started-at="2024-08-26T17:00:59 IST" name="aftermethod" finished-at="2024-08-26T17:00:59 IST" duration-ms="0" status="PASS">
          <reporter-output>
          </reporter-output>
        </test-method> <!-- aftermethod -->
        <test-method is-config="true" signature="afterClass()[pri:0, instance:Beforeclass.Test2@62150f9e]" started-at="2024-08-26T17:00:59 IST" name="afterClass" finished-at="2024-08-26T17:00:59 IST" duration-ms="0" status="PASS">
          <reporter-output>
          </reporter-output>
        </test-method> <!-- afterClass -->
      </class> <!-- Beforeclass.Test2 -->
    </test> <!-- Default test -->
  </suite> <!-- Default suite -->
</testng-results>
